2019-12-17 11:27:03,695 INFO  main                             - SOFABoot Runtime Starting!
2019-12-17 11:27:10,849 INFO  main                             - ++++++++++++++++++ ModelCreatingStage of sofa blog by zuoer Start +++++++++++++++++
2019-12-17 11:27:10,851 INFO  main                             - ++++++++++++++++++ ModelCreatingStage of sofa blog by zuoer End +++++++++++++++++
2019-12-17 11:27:10,851 INFO  main                             - ++++++++++++++++++ SpringContextInstallStage of sofa blog by zuoer Start +++++++++++++++++
2019-12-17 11:27:10,851 INFO  main                             - 
All activated module list(0) >>>>>>>

Modules that could install(0) >>>>>>>

2019-12-17 11:27:10,853 INFO  main                             - ++++++++++++++++++ SpringContextInstallStage of sofa blog by zuoer End +++++++++++++++++
2019-12-17 11:27:10,854 INFO  main                             - ++++++++++++++++++ ModuleLogOutputStage of sofa blog by zuoer Start +++++++++++++++++
2019-12-17 11:27:10,854 INFO  main                             - 
Spring context initialize success module list(0) >>>>>>> [totalTime = 0 ms, realTime = 0 ms]

Spring context initialize failed module list(0) >>>>>>>

Spring bean load time cost list(0) >>>>>>> [totalTime = 0 ms, realTime = 0 ms]

2019-12-17 11:27:10,854 INFO  main                             - ++++++++++++++++++ ModuleLogOutputStage of sofa blog by zuoer End +++++++++++++++++
2019-12-17 11:28:24,959 INFO  main                             - SOFABoot Runtime Starting!
2019-12-17 11:28:33,532 INFO  main                             - ++++++++++++++++++ ModelCreatingStage of sofa blog by zuoer Start +++++++++++++++++
2019-12-17 11:28:33,534 INFO  main                             - ++++++++++++++++++ ModelCreatingStage of sofa blog by zuoer End +++++++++++++++++
2019-12-17 11:28:33,534 INFO  main                             - ++++++++++++++++++ SpringContextInstallStage of sofa blog by zuoer Start +++++++++++++++++
2019-12-17 11:28:33,534 INFO  main                             - 
All activated module list(0) >>>>>>>

Modules that could install(0) >>>>>>>

2019-12-17 11:28:33,535 INFO  main                             - ++++++++++++++++++ SpringContextInstallStage of sofa blog by zuoer End +++++++++++++++++
2019-12-17 11:28:33,536 INFO  main                             - ++++++++++++++++++ ModuleLogOutputStage of sofa blog by zuoer Start +++++++++++++++++
2019-12-17 11:28:33,536 INFO  main                             - 
Spring context initialize success module list(0) >>>>>>> [totalTime = 0 ms, realTime = 0 ms]

Spring context initialize failed module list(0) >>>>>>>

Spring bean load time cost list(0) >>>>>>> [totalTime = 0 ms, realTime = 0 ms]

2019-12-17 11:28:33,536 INFO  main                             - ++++++++++++++++++ ModuleLogOutputStage of sofa blog by zuoer End +++++++++++++++++
2019-12-17 11:29:55,673 INFO  main                             - SOFABoot Runtime Starting!
2019-12-17 11:30:02,587 INFO  main                             - ++++++++++++++++++ ModelCreatingStage of sofa blog by zuoer Start +++++++++++++++++
2019-12-17 11:30:02,589 INFO  main                             - ++++++++++++++++++ ModelCreatingStage of sofa blog by zuoer End +++++++++++++++++
2019-12-17 11:30:02,589 INFO  main                             - ++++++++++++++++++ SpringContextInstallStage of sofa blog by zuoer Start +++++++++++++++++
2019-12-17 11:30:02,590 INFO  main                             - 
All activated module list(0) >>>>>>>

Modules that could install(0) >>>>>>>

2019-12-17 11:30:02,591 INFO  main                             - ++++++++++++++++++ SpringContextInstallStage of sofa blog by zuoer End +++++++++++++++++
2019-12-17 11:30:02,591 INFO  main                             - ++++++++++++++++++ ModuleLogOutputStage of sofa blog by zuoer Start +++++++++++++++++
2019-12-17 11:30:02,591 INFO  main                             - 
Spring context initialize success module list(0) >>>>>>> [totalTime = 0 ms, realTime = 0 ms]

Spring context initialize failed module list(0) >>>>>>>

Spring bean load time cost list(0) >>>>>>> [totalTime = 0 ms, realTime = 0 ms]

2019-12-17 11:30:02,592 INFO  main                             - ++++++++++++++++++ ModuleLogOutputStage of sofa blog by zuoer End +++++++++++++++++
2019-12-17 11:39:40,507 INFO  main                             - SOFABoot Runtime Starting!
2019-12-17 11:39:44,416 INFO  main                             - ++++++++++++++++++ ModelCreatingStage of sofa blog by zuoer Start +++++++++++++++++
2019-12-17 11:39:44,418 INFO  main                             - ++++++++++++++++++ ModelCreatingStage of sofa blog by zuoer End +++++++++++++++++
2019-12-17 11:39:44,418 INFO  main                             - ++++++++++++++++++ SpringContextInstallStage of sofa blog by zuoer Start +++++++++++++++++
2019-12-17 11:39:44,419 INFO  main                             - 
All activated module list(0) >>>>>>>

Modules that could install(0) >>>>>>>

2019-12-17 11:39:44,420 INFO  main                             - ++++++++++++++++++ SpringContextInstallStage of sofa blog by zuoer End +++++++++++++++++
2019-12-17 11:39:44,420 INFO  main                             - ++++++++++++++++++ ModuleLogOutputStage of sofa blog by zuoer Start +++++++++++++++++
2019-12-17 11:39:44,420 INFO  main                             - 
Spring context initialize success module list(0) >>>>>>> [totalTime = 0 ms, realTime = 0 ms]

Spring context initialize failed module list(0) >>>>>>>

Spring bean load time cost list(0) >>>>>>> [totalTime = 0 ms, realTime = 0 ms]

2019-12-17 11:39:44,420 INFO  main                             - ++++++++++++++++++ ModuleLogOutputStage of sofa blog by zuoer End +++++++++++++++++
2019-12-17 11:44:34,905 INFO  main                             - SOFABoot Runtime Starting!
2019-12-17 11:44:41,346 INFO  main                             - ++++++++++++++++++ ModelCreatingStage of sofa blog by zuoer Start +++++++++++++++++
2019-12-17 11:44:41,348 INFO  main                             - ++++++++++++++++++ ModelCreatingStage of sofa blog by zuoer End +++++++++++++++++
2019-12-17 11:44:41,348 INFO  main                             - ++++++++++++++++++ SpringContextInstallStage of sofa blog by zuoer Start +++++++++++++++++
2019-12-17 11:44:41,348 INFO  main                             - 
All activated module list(0) >>>>>>>

Modules that could install(0) >>>>>>>

2019-12-17 11:44:41,350 INFO  main                             - ++++++++++++++++++ SpringContextInstallStage of sofa blog by zuoer End +++++++++++++++++
2019-12-17 11:44:41,350 INFO  main                             - ++++++++++++++++++ ModuleLogOutputStage of sofa blog by zuoer Start +++++++++++++++++
2019-12-17 11:44:41,351 INFO  main                             - 
Spring context initialize success module list(0) >>>>>>> [totalTime = 0 ms, realTime = 0 ms]

Spring context initialize failed module list(0) >>>>>>>

Spring bean load time cost list(0) >>>>>>> [totalTime = 0 ms, realTime = 0 ms]

2019-12-17 11:44:41,351 INFO  main                             - ++++++++++++++++++ ModuleLogOutputStage of sofa blog by zuoer End +++++++++++++++++
2019-12-17 11:46:59,060 INFO  main                             - SOFABoot Runtime Starting!
2019-12-17 11:47:06,482 INFO  main                             - ++++++++++++++++++ ModelCreatingStage of sofa blog by zuoer Start +++++++++++++++++
2019-12-17 11:47:06,486 INFO  main                             - ++++++++++++++++++ ModelCreatingStage of sofa blog by zuoer End +++++++++++++++++
2019-12-17 11:47:06,486 INFO  main                             - ++++++++++++++++++ SpringContextInstallStage of sofa blog by zuoer Start +++++++++++++++++
2019-12-17 11:47:06,486 INFO  main                             - 
All activated module list(0) >>>>>>>

Modules that could install(0) >>>>>>>

2019-12-17 11:47:06,488 INFO  main                             - ++++++++++++++++++ SpringContextInstallStage of sofa blog by zuoer End +++++++++++++++++
2019-12-17 11:47:06,488 INFO  main                             - ++++++++++++++++++ ModuleLogOutputStage of sofa blog by zuoer Start +++++++++++++++++
2019-12-17 11:47:06,488 INFO  main                             - 
Spring context initialize success module list(0) >>>>>>> [totalTime = 0 ms, realTime = 0 ms]

Spring context initialize failed module list(0) >>>>>>>

Spring bean load time cost list(0) >>>>>>> [totalTime = 0 ms, realTime = 0 ms]

2019-12-17 11:47:06,488 INFO  main                             - ++++++++++++++++++ ModuleLogOutputStage of sofa blog by zuoer End +++++++++++++++++
2019-12-17 12:11:00,771 INFO  main                             - SOFABoot Runtime Starting!
2019-12-17 12:11:06,731 INFO  main                             - ++++++++++++++++++ ModelCreatingStage of sofa blog by zuoer Start +++++++++++++++++
2019-12-17 12:11:06,733 INFO  main                             - ++++++++++++++++++ ModelCreatingStage of sofa blog by zuoer End +++++++++++++++++
2019-12-17 12:11:06,733 INFO  main                             - ++++++++++++++++++ SpringContextInstallStage of sofa blog by zuoer Start +++++++++++++++++
2019-12-17 12:11:06,734 INFO  main                             - 
All activated module list(0) >>>>>>>

Modules that could install(0) >>>>>>>

2019-12-17 12:11:06,735 INFO  main                             - ++++++++++++++++++ SpringContextInstallStage of sofa blog by zuoer End +++++++++++++++++
2019-12-17 12:11:06,736 INFO  main                             - ++++++++++++++++++ ModuleLogOutputStage of sofa blog by zuoer Start +++++++++++++++++
2019-12-17 12:11:06,736 INFO  main                             - 
Spring context initialize success module list(0) >>>>>>> [totalTime = 0 ms, realTime = 0 ms]

Spring context initialize failed module list(0) >>>>>>>

Spring bean load time cost list(0) >>>>>>> [totalTime = 0 ms, realTime = 0 ms]

2019-12-17 12:11:06,736 INFO  main                             - ++++++++++++++++++ ModuleLogOutputStage of sofa blog by zuoer End +++++++++++++++++
2019-12-17 14:09:59,514 INFO  main                             - SOFABoot Runtime Starting!
2019-12-17 14:10:04,427 INFO  main                             - ++++++++++++++++++ ModelCreatingStage of sofa blog by zuoer Start +++++++++++++++++
2019-12-17 14:10:04,431 INFO  main                             - ++++++++++++++++++ ModelCreatingStage of sofa blog by zuoer End +++++++++++++++++
2019-12-17 14:10:04,431 INFO  main                             - ++++++++++++++++++ SpringContextInstallStage of sofa blog by zuoer Start +++++++++++++++++
2019-12-17 14:10:04,431 INFO  main                             - 
All activated module list(0) >>>>>>>

Modules that could install(0) >>>>>>>

2019-12-17 14:10:04,432 INFO  main                             - ++++++++++++++++++ SpringContextInstallStage of sofa blog by zuoer End +++++++++++++++++
2019-12-17 14:10:04,432 INFO  main                             - ++++++++++++++++++ ModuleLogOutputStage of sofa blog by zuoer Start +++++++++++++++++
2019-12-17 14:10:04,432 INFO  main                             - 
Spring context initialize success module list(0) >>>>>>> [totalTime = 0 ms, realTime = 0 ms]

Spring context initialize failed module list(0) >>>>>>>

Spring bean load time cost list(0) >>>>>>> [totalTime = 0 ms, realTime = 0 ms]

2019-12-17 14:10:04,432 INFO  main                             - ++++++++++++++++++ ModuleLogOutputStage of sofa blog by zuoer End +++++++++++++++++
2019-12-17 14:18:52,279 INFO  main                             - SOFABoot Runtime Starting!
2019-12-17 14:18:59,838 INFO  main                             - ++++++++++++++++++ ModelCreatingStage of sofa blog by zuoer Start +++++++++++++++++
2019-12-17 14:18:59,841 INFO  main                             - ++++++++++++++++++ ModelCreatingStage of sofa blog by zuoer End +++++++++++++++++
2019-12-17 14:18:59,841 INFO  main                             - ++++++++++++++++++ SpringContextInstallStage of sofa blog by zuoer Start +++++++++++++++++
2019-12-17 14:18:59,842 INFO  main                             - 
All activated module list(0) >>>>>>>

Modules that could install(0) >>>>>>>

2019-12-17 14:18:59,843 INFO  main                             - ++++++++++++++++++ SpringContextInstallStage of sofa blog by zuoer End +++++++++++++++++
2019-12-17 14:18:59,843 INFO  main                             - ++++++++++++++++++ ModuleLogOutputStage of sofa blog by zuoer Start +++++++++++++++++
2019-12-17 14:18:59,844 INFO  main                             - 
Spring context initialize success module list(0) >>>>>>> [totalTime = 0 ms, realTime = 0 ms]

Spring context initialize failed module list(0) >>>>>>>

Spring bean load time cost list(0) >>>>>>> [totalTime = 0 ms, realTime = 0 ms]

2019-12-17 14:18:59,844 INFO  main                             - ++++++++++++++++++ ModuleLogOutputStage of sofa blog by zuoer End +++++++++++++++++
2019-12-17 14:26:06,518 INFO  main                             - SOFABoot Runtime Starting!
2019-12-17 14:26:10,623 INFO  main                             - ++++++++++++++++++ ModelCreatingStage of sofa blog by zuoer Start +++++++++++++++++
2019-12-17 14:26:10,625 INFO  main                             - ++++++++++++++++++ ModelCreatingStage of sofa blog by zuoer End +++++++++++++++++
2019-12-17 14:26:10,625 INFO  main                             - ++++++++++++++++++ SpringContextInstallStage of sofa blog by zuoer Start +++++++++++++++++
2019-12-17 14:26:10,626 INFO  main                             - 
All activated module list(0) >>>>>>>

Modules that could install(0) >>>>>>>

2019-12-17 14:26:10,627 INFO  main                             - ++++++++++++++++++ SpringContextInstallStage of sofa blog by zuoer End +++++++++++++++++
2019-12-17 14:26:10,627 INFO  main                             - ++++++++++++++++++ ModuleLogOutputStage of sofa blog by zuoer Start +++++++++++++++++
2019-12-17 14:26:10,627 INFO  main                             - 
Spring context initialize success module list(0) >>>>>>> [totalTime = 0 ms, realTime = 0 ms]

Spring context initialize failed module list(0) >>>>>>>

Spring bean load time cost list(0) >>>>>>> [totalTime = 0 ms, realTime = 0 ms]

2019-12-17 14:26:10,627 INFO  main                             - ++++++++++++++++++ ModuleLogOutputStage of sofa blog by zuoer End +++++++++++++++++
2019-12-17 14:28:36,179 INFO  main                             - SOFABoot Runtime Starting!
2019-12-17 14:28:41,585 INFO  main                             - ++++++++++++++++++ ModelCreatingStage of sofa blog by zuoer Start +++++++++++++++++
2019-12-17 14:28:41,587 INFO  main                             - ++++++++++++++++++ ModelCreatingStage of sofa blog by zuoer End +++++++++++++++++
2019-12-17 14:28:41,587 INFO  main                             - ++++++++++++++++++ SpringContextInstallStage of sofa blog by zuoer Start +++++++++++++++++
2019-12-17 14:28:41,587 INFO  main                             - 
All activated module list(0) >>>>>>>

Modules that could install(0) >>>>>>>

2019-12-17 14:28:41,589 INFO  main                             - ++++++++++++++++++ SpringContextInstallStage of sofa blog by zuoer End +++++++++++++++++
2019-12-17 14:28:41,589 INFO  main                             - ++++++++++++++++++ ModuleLogOutputStage of sofa blog by zuoer Start +++++++++++++++++
2019-12-17 14:28:41,589 INFO  main                             - 
Spring context initialize success module list(0) >>>>>>> [totalTime = 0 ms, realTime = 0 ms]

Spring context initialize failed module list(0) >>>>>>>

Spring bean load time cost list(0) >>>>>>> [totalTime = 0 ms, realTime = 0 ms]

2019-12-17 14:28:41,589 INFO  main                             - ++++++++++++++++++ ModuleLogOutputStage of sofa blog by zuoer End +++++++++++++++++
2019-12-17 14:29:32,156 INFO  main                             - SOFABoot Runtime Starting!
2019-12-17 14:29:36,172 INFO  main                             - ++++++++++++++++++ ModelCreatingStage of sofa blog by zuoer Start +++++++++++++++++
2019-12-17 14:29:36,174 INFO  main                             - ++++++++++++++++++ ModelCreatingStage of sofa blog by zuoer End +++++++++++++++++
2019-12-17 14:29:36,174 INFO  main                             - ++++++++++++++++++ SpringContextInstallStage of sofa blog by zuoer Start +++++++++++++++++
2019-12-17 14:29:36,175 INFO  main                             - 
All activated module list(0) >>>>>>>

Modules that could install(0) >>>>>>>

2019-12-17 14:29:36,176 INFO  main                             - ++++++++++++++++++ SpringContextInstallStage of sofa blog by zuoer End +++++++++++++++++
2019-12-17 14:29:36,176 INFO  main                             - ++++++++++++++++++ ModuleLogOutputStage of sofa blog by zuoer Start +++++++++++++++++
2019-12-17 14:29:36,176 INFO  main                             - 
Spring context initialize success module list(0) >>>>>>> [totalTime = 0 ms, realTime = 0 ms]

Spring context initialize failed module list(0) >>>>>>>

Spring bean load time cost list(0) >>>>>>> [totalTime = 0 ms, realTime = 0 ms]

2019-12-17 14:29:36,176 INFO  main                             - ++++++++++++++++++ ModuleLogOutputStage of sofa blog by zuoer End +++++++++++++++++
2019-12-17 14:31:04,333 INFO  main                             - SOFABoot Runtime Starting!
2019-12-17 14:31:10,582 INFO  main                             - ++++++++++++++++++ ModelCreatingStage of sofa blog by zuoer Start +++++++++++++++++
2019-12-17 14:31:10,585 INFO  main                             - ++++++++++++++++++ ModelCreatingStage of sofa blog by zuoer End +++++++++++++++++
2019-12-17 14:31:10,585 INFO  main                             - ++++++++++++++++++ SpringContextInstallStage of sofa blog by zuoer Start +++++++++++++++++
2019-12-17 14:31:10,586 INFO  main                             - 
All activated module list(0) >>>>>>>

Modules that could install(0) >>>>>>>

2019-12-17 14:31:10,588 INFO  main                             - ++++++++++++++++++ SpringContextInstallStage of sofa blog by zuoer End +++++++++++++++++
2019-12-17 14:31:10,588 INFO  main                             - ++++++++++++++++++ ModuleLogOutputStage of sofa blog by zuoer Start +++++++++++++++++
2019-12-17 14:31:10,588 INFO  main                             - 
Spring context initialize success module list(0) >>>>>>> [totalTime = 0 ms, realTime = 0 ms]

Spring context initialize failed module list(0) >>>>>>>

Spring bean load time cost list(0) >>>>>>> [totalTime = 0 ms, realTime = 0 ms]

2019-12-17 14:31:10,588 INFO  main                             - ++++++++++++++++++ ModuleLogOutputStage of sofa blog by zuoer End +++++++++++++++++
2019-12-17 14:41:18,532 INFO  main                             - SOFABoot Runtime Starting!
2019-12-17 14:41:22,242 INFO  main                             - ++++++++++++++++++ ModelCreatingStage of sofa blog by zuoer Start +++++++++++++++++
2019-12-17 14:41:22,245 INFO  main                             - ++++++++++++++++++ ModelCreatingStage of sofa blog by zuoer End +++++++++++++++++
2019-12-17 14:41:22,246 INFO  main                             - ++++++++++++++++++ SpringContextInstallStage of sofa blog by zuoer Start +++++++++++++++++
2019-12-17 14:41:22,246 INFO  main                             - 
All activated module list(0) >>>>>>>

Modules that could install(0) >>>>>>>

2019-12-17 14:41:22,249 INFO  main                             - ++++++++++++++++++ SpringContextInstallStage of sofa blog by zuoer End +++++++++++++++++
2019-12-17 14:41:22,249 INFO  main                             - ++++++++++++++++++ ModuleLogOutputStage of sofa blog by zuoer Start +++++++++++++++++
2019-12-17 14:41:22,249 INFO  main                             - 
Spring context initialize success module list(0) >>>>>>> [totalTime = 0 ms, realTime = 0 ms]

Spring context initialize failed module list(0) >>>>>>>

Spring bean load time cost list(0) >>>>>>> [totalTime = 0 ms, realTime = 0 ms]

2019-12-17 14:41:22,249 INFO  main                             - ++++++++++++++++++ ModuleLogOutputStage of sofa blog by zuoer End +++++++++++++++++
2019-12-17 14:48:32,517 INFO  main                             - SOFABoot Runtime Starting!
2019-12-17 14:48:36,033 INFO  main                             - ++++++++++++++++++ ModelCreatingStage of sofa blog by zuoer Start +++++++++++++++++
2019-12-17 14:48:36,035 INFO  main                             - ++++++++++++++++++ ModelCreatingStage of sofa blog by zuoer End +++++++++++++++++
2019-12-17 14:48:36,036 INFO  main                             - ++++++++++++++++++ SpringContextInstallStage of sofa blog by zuoer Start +++++++++++++++++
2019-12-17 14:48:36,036 INFO  main                             - 
All activated module list(0) >>>>>>>

Modules that could install(0) >>>>>>>

2019-12-17 14:48:36,037 INFO  main                             - ++++++++++++++++++ SpringContextInstallStage of sofa blog by zuoer End +++++++++++++++++
2019-12-17 14:48:36,037 INFO  main                             - ++++++++++++++++++ ModuleLogOutputStage of sofa blog by zuoer Start +++++++++++++++++
2019-12-17 14:48:36,037 INFO  main                             - 
Spring context initialize success module list(0) >>>>>>> [totalTime = 0 ms, realTime = 0 ms]

Spring context initialize failed module list(0) >>>>>>>

Spring bean load time cost list(0) >>>>>>> [totalTime = 0 ms, realTime = 0 ms]

2019-12-17 14:48:36,037 INFO  main                             - ++++++++++++++++++ ModuleLogOutputStage of sofa blog by zuoer End +++++++++++++++++
2019-12-17 14:50:42,773 INFO  main                             - SOFABoot Runtime Starting!
2019-12-17 14:50:47,372 INFO  main                             - ++++++++++++++++++ ModelCreatingStage of sofa blog by zuoer Start +++++++++++++++++
2019-12-17 14:50:47,433 INFO  main                             - ++++++++++++++++++ ModelCreatingStage of sofa blog by zuoer End +++++++++++++++++
2019-12-17 14:50:47,433 INFO  main                             - ++++++++++++++++++ SpringContextInstallStage of sofa blog by zuoer Start +++++++++++++++++
2019-12-17 14:50:47,434 INFO  main                             - 
All activated module list(0) >>>>>>>

Modules that could install(0) >>>>>>>

2019-12-17 14:50:47,436 INFO  main                             - ++++++++++++++++++ SpringContextInstallStage of sofa blog by zuoer End +++++++++++++++++
2019-12-17 14:50:47,436 INFO  main                             - ++++++++++++++++++ ModuleLogOutputStage of sofa blog by zuoer Start +++++++++++++++++
2019-12-17 14:50:47,437 INFO  main                             - 
Spring context initialize success module list(0) >>>>>>> [totalTime = 0 ms, realTime = 0 ms]

Spring context initialize failed module list(0) >>>>>>>

Spring bean load time cost list(0) >>>>>>> [totalTime = 0 ms, realTime = 0 ms]

2019-12-17 14:50:47,437 INFO  main                             - ++++++++++++++++++ ModuleLogOutputStage of sofa blog by zuoer End +++++++++++++++++
2019-12-17 14:53:58,453 INFO  main                             - SOFABoot Runtime Starting!
2019-12-17 14:54:01,995 INFO  main                             - ++++++++++++++++++ ModelCreatingStage of sofa blog by zuoer Start +++++++++++++++++
2019-12-17 14:54:01,997 INFO  main                             - ++++++++++++++++++ ModelCreatingStage of sofa blog by zuoer End +++++++++++++++++
2019-12-17 14:54:01,997 INFO  main                             - ++++++++++++++++++ SpringContextInstallStage of sofa blog by zuoer Start +++++++++++++++++
2019-12-17 14:54:01,997 INFO  main                             - 
All activated module list(0) >>>>>>>

Modules that could install(0) >>>>>>>

2019-12-17 14:54:01,998 INFO  main                             - ++++++++++++++++++ SpringContextInstallStage of sofa blog by zuoer End +++++++++++++++++
2019-12-17 14:54:01,998 INFO  main                             - ++++++++++++++++++ ModuleLogOutputStage of sofa blog by zuoer Start +++++++++++++++++
2019-12-17 14:54:01,998 INFO  main                             - 
Spring context initialize success module list(0) >>>>>>> [totalTime = 0 ms, realTime = 0 ms]

Spring context initialize failed module list(0) >>>>>>>

Spring bean load time cost list(0) >>>>>>> [totalTime = 0 ms, realTime = 0 ms]

2019-12-17 14:54:01,998 INFO  main                             - ++++++++++++++++++ ModuleLogOutputStage of sofa blog by zuoer End +++++++++++++++++
2019-12-17 14:57:10,394 INFO  main                             - SOFABoot Runtime Starting!
2019-12-17 14:57:13,986 INFO  main                             - ++++++++++++++++++ ModelCreatingStage of sofa blog by zuoer Start +++++++++++++++++
2019-12-17 14:57:13,988 INFO  main                             - ++++++++++++++++++ ModelCreatingStage of sofa blog by zuoer End +++++++++++++++++
2019-12-17 14:57:13,988 INFO  main                             - ++++++++++++++++++ SpringContextInstallStage of sofa blog by zuoer Start +++++++++++++++++
2019-12-17 14:57:13,988 INFO  main                             - 
All activated module list(0) >>>>>>>

Modules that could install(0) >>>>>>>

2019-12-17 14:57:13,989 INFO  main                             - ++++++++++++++++++ SpringContextInstallStage of sofa blog by zuoer End +++++++++++++++++
2019-12-17 14:57:13,989 INFO  main                             - ++++++++++++++++++ ModuleLogOutputStage of sofa blog by zuoer Start +++++++++++++++++
2019-12-17 14:57:13,989 INFO  main                             - 
Spring context initialize success module list(0) >>>>>>> [totalTime = 0 ms, realTime = 0 ms]

Spring context initialize failed module list(0) >>>>>>>

Spring bean load time cost list(0) >>>>>>> [totalTime = 0 ms, realTime = 0 ms]

2019-12-17 14:57:13,989 INFO  main                             - ++++++++++++++++++ ModuleLogOutputStage of sofa blog by zuoer End +++++++++++++++++
2019-12-17 15:01:58,373 INFO  main                             - SOFABoot Runtime Starting!
2019-12-17 15:02:01,957 INFO  main                             - ++++++++++++++++++ ModelCreatingStage of sofa blog by zuoer Start +++++++++++++++++
2019-12-17 15:02:01,959 INFO  main                             - ++++++++++++++++++ ModelCreatingStage of sofa blog by zuoer End +++++++++++++++++
2019-12-17 15:02:01,959 INFO  main                             - ++++++++++++++++++ SpringContextInstallStage of sofa blog by zuoer Start +++++++++++++++++
2019-12-17 15:02:01,959 INFO  main                             - 
All activated module list(0) >>>>>>>

Modules that could install(0) >>>>>>>

2019-12-17 15:02:01,960 INFO  main                             - ++++++++++++++++++ SpringContextInstallStage of sofa blog by zuoer End +++++++++++++++++
2019-12-17 15:02:01,960 INFO  main                             - ++++++++++++++++++ ModuleLogOutputStage of sofa blog by zuoer Start +++++++++++++++++
2019-12-17 15:02:01,960 INFO  main                             - 
Spring context initialize success module list(0) >>>>>>> [totalTime = 0 ms, realTime = 0 ms]

Spring context initialize failed module list(0) >>>>>>>

Spring bean load time cost list(0) >>>>>>> [totalTime = 0 ms, realTime = 0 ms]

2019-12-17 15:02:01,960 INFO  main                             - ++++++++++++++++++ ModuleLogOutputStage of sofa blog by zuoer End +++++++++++++++++
